<?xml version="1.0" encoding="UTF-8"?>
<testsuite xmlns:xsi="http://www.w3.org/2001/XMLSchema-instance" xsi:schemaLocation="https://maven.apache.org/surefire/maven-surefire-plugin/xsd/surefire-test-report.xsd" name="com.sg.consoletictactoe.service.TicTacToeServiceTest" time="0.056" tests="7" errors="0" skipped="0" failures="0">
  <properties>
[...]
</properties>
  <testcase name="testCheckStatusDiagnol" classname="com.sg.consoletictactoe.service.TicTacToeServiceTest" time="0.02"/>
  <testcase name="testValidPlay" classname="com.sg.consoletictactoe.service.TicTacToeServiceTest" time="0.002"/>
  <testcase name="testInitBoard" classname="com.sg.consoletictactoe.service.TicTacToeServiceTest" time="0.004"/>
  <testcase name="testMakePlay" classname="com.sg.consoletictactoe.service.TicTacToeServiceTest" time="0.002"/>
  <testcase name="testCheckStatusCond1" classname="com.sg.consoletictactoe.service.TicTacToeServiceTest" time="0.001"/>
  <testcase name="testCheckStatusCond2" classname="com.sg.consoletictactoe.service.TicTacToeServiceTest" time="0.001"/>
  <testcase name="testCheckStatusDraw" classname="com.sg.consoletictactoe.service.TicTacToeServiceTest" time="0.006"/>
</testsuite>